Sep 23, 2017 5:57:51 PM org.eclipse.birt.report.data.oda.jdbc.ui.editors.MetaDataRetriever <init>
WARNING: Error preparing SQL statement.
SQL error #1:Column 'ORDERS.CUSTOMERNUMBERORDERS.STATUS' is either not in any table in the FROM list or appears within a join specification and is outside the scope of the join specification or appears in a HAVING clause and is not in the GROUP BY list. If this is a CREATE or ALTER TABLE  statement then 'ORDERS.CUSTOMERNUMBERORDERS.STATUS' is not a column in the target table.

org.eclipse.birt.report.data.oda.jdbc.JDBCException: Error preparing SQL statement.
SQL error #1:Column 'ORDERS.CUSTOMERNUMBERORDERS.STATUS' is either not in any table in the FROM list or appears within a join specification and is outside the scope of the join specification or appears in a HAVING clause and is not in the GROUP BY list. If this is a CREATE or ALTER TABLE  statement then 'ORDERS.CUSTOMERNUMBERORDERS.STATUS' is not a column in the target table.
 ;
    java.sql.SQLSyntaxErrorException: Column 'ORDERS.CUSTOMERNUMBERORDERS.STATUS' is either not in any table in the FROM list or appears within a join specification and is outside the scope of the join specification or appears in a HAVING clause and is not in the GROUP BY list. If this is a CREATE or ALTER TABLE  statement then 'ORDERS.CUSTOMERNUMBERORDERS.STATUS' is not a column in the target table.
	at org.eclipse.birt.report.data.oda.jdbc.Statement.prepare(Statement.java:135)
	at org.eclipse.birt.report.data.oda.jdbc.bidi.BidiStatement.prepare(BidiStatement.java:52)
	at org.eclipse.birt.report.data.oda.jdbc.ui.editors.MetaDataRetriever.<init>(MetaDataRetriever.java:66)
	at org.eclipse.birt.report.data.oda.jdbc.ui.editors.SQLDataSetEditorPage.collectDataSetDesign(SQLDataSetEditorPage.java:715)
	at org.eclipse.datatools.connectivity.oda.design.internal.ui.DataSetWizardPageCore.finishDataSetDesign(DataSetWizardPageCore.java:395)
	at org.eclipse.datatools.connectivity.oda.design.internal.ui.DataSetWizardBase.collectDataSetDesignFromPage(DataSetWizardBase.java:365)
	at org.eclipse.datatools.connectivity.oda.design.internal.ui.DataSetWizardBase.finishDataSetDesign(DataSetWizardBase.java:387)
	at org.eclipse.datatools.connectivity.oda.design.internal.ui.DataSetWizardBase.getResponseSession(DataSetWizardBase.java:123)
	at org.eclipse.datatools.connectivity.oda.design.internal.designsession.DataSetDesignSessionBase.finishDataSetDesign(DataSetDesignSessionBase.java:442)
	at org.eclipse.datatools.connectivity.oda.design.internal.designsession.DataSetDesignSessionBase.flush(DataSetDesignSessionBase.java:237)
	at org.eclipse.datatools.connectivity.oda.design.ui.designsession.DataSetDesignSession.flush(DataSetDesignSession.java:136)
	at org.eclipse.birt.report.designer.data.ui.dataset.PropertyPageWrapper.canLeave(PropertyPageWrapper.java:126)
	at org.eclipse.birt.report.designer.data.ui.property.AbstractPropertyDialog.showPage(AbstractPropertyDialog.java:568)
	at org.eclipse.birt.report.designer.data.ui.property.AbstractPropertyDialog.showSelectionPage(AbstractPropertyDialog.java:482)
	at org.eclipse.birt.report.designer.data.ui.dataset.DataSetEditor.showSelectionPage(DataSetEditor.java:913)
	at org.eclipse.birt.report.designer.data.ui.property.AbstractPropertyDialog$2$1.run(AbstractPropertyDialog.java:438)
	at org.eclipse.swt.custom.BusyIndicator.showWhile(BusyIndicator.java:70)
	at org.eclipse.birt.report.designer.data.ui.property.AbstractPropertyDialog$2.selectionChanged(AbstractPropertyDialog.java:433)
	at org.eclipse.jface.viewers.Viewer$1.run(Viewer.java:158)
	at org.eclipse.core.runtime.SafeRunner.run(SafeRunner.java:42)
	at org.eclipse.ui.internal.JFaceUtil$1.run(JFaceUtil.java:50)
	at org.eclipse.jface.util.SafeRunnable.run(SafeRunnable.java:173)
	at org.eclipse.jface.viewers.Viewer.fireSelectionChanged(Viewer.java:155)
	at org.eclipse.jface.viewers.StructuredViewer.updateSelection(StructuredViewer.java:2191)
	at org.eclipse.jface.viewers.StructuredViewer.handleSelect(StructuredViewer.java:1229)
	at org.eclipse.jface.viewers.StructuredViewer$4.widgetSelected(StructuredViewer.java:1258)
	at org.eclipse.jface.util.OpenStrategy.fireSelectionEvent(OpenStrategy.java:242)
	at org.eclipse.jface.util.OpenStrategy.access$4(OpenStrategy.java:236)
	at org.eclipse.jface.util.OpenStrategy$1.handleEvent(OpenStrategy.java:405)
	at org.eclipse.swt.widgets.EventTable.sendEvent(EventTable.java:84)
	at org.eclipse.swt.widgets.Display.sendEvent(Display.java:4410)
	at org.eclipse.swt.widgets.Widget.sendEvent(Widget.java:1079)
	at org.eclipse.swt.widgets.Display.runDeferredEvents(Display.java:4228)
	at org.eclipse.swt.widgets.Display.readAndDispatch(Display.java:3816)
	at org.eclipse.jface.window.Window.runEventLoop(Window.java:818)
	at org.eclipse.jface.window.Window.open(Window.java:794)
	at org.eclipse.birt.report.designer.ui.dialogs.BaseDialog.open(BaseDialog.java:117)
	at org.eclipse.birt.report.designer.data.ui.actions.EditDataSetAction.doAction(EditDataSetAction.java:105)
	at org.eclipse.birt.report.designer.internal.ui.views.actions.AbstractElementAction.run(AbstractElementAction.java:70)
	at org.eclipse.jface.action.Action.runWithEvent(Action.java:473)
	at org.eclipse.jface.action.ActionContributionItem.handleWidgetSelection(ActionContributionItem.java:565)
	at org.eclipse.jface.action.ActionContributionItem.lambda$4(ActionContributionItem.java:397)
	at org.eclipse.swt.widgets.EventTable.sendEvent(EventTable.java:84)
	at org.eclipse.swt.widgets.Display.sendEvent(Display.java:4410)
	at org.eclipse.swt.widgets.Widget.sendEvent(Widget.java:1079)
	at org.eclipse.swt.widgets.Display.runDeferredEvents(Display.java:4228)
	at org.eclipse.swt.widgets.Display.readAndDispatch(Display.java:3816)
	at org.eclipse.e4.ui.internal.workbench.swt.PartRenderingEngine$4.run(PartRenderingEngine.java:1121)
	at org.eclipse.core.databinding.observable.Realm.runWithDefault(Realm.java:336)
	at org.eclipse.e4.ui.internal.workbench.swt.PartRenderingEngine.run(PartRenderingEngine.java:1022)
	at org.eclipse.e4.ui.internal.workbench.E4Workbench.createAndRunUI(E4Workbench.java:150)
	at org.eclipse.ui.internal.Workbench$5.run(Workbench.java:687)
	at org.eclipse.core.databinding.observable.Realm.runWithDefault(Realm.java:336)
	at org.eclipse.ui.internal.Workbench.createAndRunWorkbench(Workbench.java:604)
	at org.eclipse.ui.PlatformUI.createAndRunWorkbench(PlatformUI.java:148)
	at org.eclipse.ui.internal.ide.application.IDEApplication.start(IDEApplication.java:138)
	at org.eclipse.equinox.internal.app.EclipseAppHandle.run(EclipseAppHandle.java:196)
	at org.eclipse.core.runtime.internal.adaptor.EclipseAppLauncher.runApplication(EclipseAppLauncher.java:134)
	at org.eclipse.core.runtime.internal.adaptor.EclipseAppLauncher.start(EclipseAppLauncher.java:104)
	at org.eclipse.core.runtime.adaptor.EclipseStarter.run(EclipseStarter.java:388)
	at org.eclipse.core.runtime.adaptor.EclipseStarter.run(EclipseStarter.java:243)
	at sun.reflect.NativeMethodAccessorImpl.invoke0(Native Method)
	at sun.reflect.NativeMethodAccessorImpl.invoke(Unknown Source)
	at sun.reflect.DelegatingMethodAccessorImpl.invoke(Unknown Source)
	at java.lang.reflect.Method.invoke(Unknown Source)
	at org.eclipse.equinox.launcher.Main.invokeFramework(Main.java:673)
	at org.eclipse.equinox.launcher.Main.basicRun(Main.java:610)
	at org.eclipse.equinox.launcher.Main.run(Main.java:1519)
Caused by: java.sql.SQLSyntaxErrorException: Column 'ORDERS.CUSTOMERNUMBERORDERS.STATUS' is either not in any table in the FROM list or appears within a join specification and is outside the scope of the join specification or appears in a HAVING clause and is not in the GROUP BY list. If this is a CREATE or ALTER TABLE  statement then 'ORDERS.CUSTOMERNUMBERORDERS.STATUS' is not a column in the target table.
	at org.apache.derby.impl.jdbc.SQLExceptionFactory.getSQLException(Unknown Source)
	at org.apache.derby.impl.jdbc.Util.generateCsSQLException(Unknown Source)
	at org.apache.derby.impl.jdbc.TransactionResourceImpl.wrapInSQLException(Unknown Source)
	at org.apache.derby.impl.jdbc.TransactionResourceImpl.handleException(Unknown Source)
	at org.apache.derby.impl.jdbc.EmbedConnection.handleException(Unknown Source)
	at org.apache.derby.impl.jdbc.ConnectionChild.handleException(Unknown Source)
	at org.apache.derby.impl.jdbc.EmbedPreparedStatement.<init>(Unknown Source)
	at org.apache.derby.impl.jdbc.EmbedPreparedStatement42.<init>(Unknown Source)
	at org.apache.derby.jdbc.Driver42.newEmbedPreparedStatement(Unknown Source)
	at org.apache.derby.impl.jdbc.EmbedConnection.prepareStatement(Unknown Source)
	at org.apache.derby.impl.jdbc.EmbedConnection.prepareStatement(Unknown Source)
	at org.eclipse.birt.report.data.oda.jdbc.Statement.prepare(Statement.java:131)
	... 67 more
Caused by: ERROR 42X04: Column 'ORDERS.CUSTOMERNUMBERORDERS.STATUS' is either not in any table in the FROM list or appears within a join specification and is outside the scope of the join specification or appears in a HAVING clause and is not in the GROUP BY list. If this is a CREATE or ALTER TABLE  statement then 'ORDERS.CUSTOMERNUMBERORDERS.STATUS' is not a column in the target table.
	at org.apache.derby.iapi.error.StandardException.newException(Unknown Source)
	at org.apache.derby.iapi.error.StandardException.newException(Unknown Source)
	at org.apache.derby.impl.sql.compile.ColumnReference.bindExpression(Unknown Source)
	at org.apache.derby.impl.sql.compile.ResultColumn.bindExpression(Unknown Source)
	at org.apache.derby.impl.sql.compile.ResultColumnList.bindExpressions(Unknown Source)
	at org.apache.derby.impl.sql.compile.SelectNode.bindExpressions(Unknown Source)
	at org.apache.derby.impl.sql.compile.DMLStatementNode.bindExpressions(Unknown Source)
	at org.apache.derby.impl.sql.compile.DMLStatementNode.bind(Unknown Source)
	at org.apache.derby.impl.sql.compile.CursorNode.bindStatement(Unknown Source)
	at org.apache.derby.impl.sql.GenericStatement.prepMinion(Unknown Source)
	at org.apache.derby.impl.sql.GenericStatement.prepare(Unknown Source)
	at org.apache.derby.impl.sql.conn.GenericLanguageConnectionContext.prepareInternalStatement(Unknown Source)
	... 73 more

Sep 23, 2017 5:57:52 PM org.eclipse.birt.data.engine.odaconsumer.Connection prepareOdaQuery
SEVERE: Failed to prepare the following query for the data set type (org.eclipse.birt.report.data.oda.jdbc.JdbcSelectDataSet). 
[SELECT Orders.orderNumber, 
Orders.orderDate,ORDERS.SHIPPEDDATE,ORDERS.CUSTOMERNUMBERORDERS.STATUS 
FROM Orders 
WHERE Orders.customerNumber = ? ]
org.eclipse.birt.report.data.oda.jdbc.JDBCException: Error preparing SQL statement.
SQL error #1:Column 'ORDERS.CUSTOMERNUMBERORDERS.STATUS' is either not in any table in the FROM list or appears within a join specification and is outside the scope of the join specification or appears in a HAVING clause and is not in the GROUP BY list. If this is a CREATE or ALTER TABLE  statement then 'ORDERS.CUSTOMERNUMBERORDERS.STATUS' is not a column in the target table.
 ;
    java.sql.SQLSyntaxErrorException: Column 'ORDERS.CUSTOMERNUMBERORDERS.STATUS' is either not in any table in the FROM list or appears within a join specification and is outside the scope of the join specification or appears in a HAVING clause and is not in the GROUP BY list. If this is a CREATE or ALTER TABLE  statement then 'ORDERS.CUSTOMERNUMBERORDERS.STATUS' is not a column in the target table.
	at org.eclipse.birt.report.data.oda.jdbc.Statement.prepare(Statement.java:135)
	at org.eclipse.birt.report.data.oda.jdbc.bidi.BidiStatement.prepare(BidiStatement.java:52)
	at org.eclipse.datatools.connectivity.oda.consumer.helper.OdaQuery.doPrepare(OdaQuery.java:240)
	at org.eclipse.datatools.connectivity.oda.consumer.helper.OdaQuery.prepare(OdaQuery.java:187)
	at org.eclipse.birt.data.engine.odaconsumer.Connection.prepareOdaQuery(Connection.java:290)
	at org.eclipse.birt.data.engine.odaconsumer.Connection.prepareStatement(Connection.java:197)
	at org.eclipse.birt.data.engine.executor.DataSource.prepareStatement(DataSource.java:302)
	at org.eclipse.birt.data.engine.executor.DataSourceQuery.prepare(DataSourceQuery.java:296)
	at org.eclipse.birt.data.engine.impl.PreparedOdaDSQuery$OdaDSQueryExecutor.prepareOdiQuery(PreparedOdaDSQuery.java:621)
	at org.eclipse.birt.data.engine.impl.QueryExecutor.prepareExecution(QueryExecutor.java:349)
	at org.eclipse.birt.data.engine.impl.PreparedQuery.doPrepare(PreparedQuery.java:463)
	at org.eclipse.birt.data.engine.impl.PreparedDataSourceQuery.produceQueryResults(PreparedDataSourceQuery.java:190)
	at org.eclipse.birt.data.engine.impl.PreparedDataSourceQuery.execute(PreparedDataSourceQuery.java:178)
	at org.eclipse.birt.data.engine.impl.PreparedOdaDSQuery.execute(PreparedOdaDSQuery.java:179)
	at org.eclipse.birt.report.data.adapter.impl.DataRequestSessionImpl.execute(DataRequestSessionImpl.java:651)
	at org.eclipse.birt.report.engine.api.impl.DatasetPreviewTask.extractQuery(DatasetPreviewTask.java:347)
	at org.eclipse.birt.report.engine.api.impl.DatasetPreviewTask.doRun(DatasetPreviewTask.java:307)
	at org.eclipse.birt.report.engine.api.impl.DatasetPreviewTask.runDataset(DatasetPreviewTask.java:278)
	at org.eclipse.birt.report.engine.api.impl.DatasetPreviewTask.execute(DatasetPreviewTask.java:89)
	at org.eclipse.birt.report.designer.data.ui.dataset.DataSetPreviewer.preview(DataSetPreviewer.java:68)
	at org.eclipse.birt.report.designer.data.ui.dataset.ResultSetPreviewPage$5.run(ResultSetPreviewPage.java:372)
	at org.eclipse.jface.operation.ModalContext$ModalContextThread.run(ModalContext.java:119)
Caused by: java.sql.SQLSyntaxErrorException: Column 'ORDERS.CUSTOMERNUMBERORDERS.STATUS' is either not in any table in the FROM list or appears within a join specification and is outside the scope of the join specification or appears in a HAVING clause and is not in the GROUP BY list. If this is a CREATE or ALTER TABLE  statement then 'ORDERS.CUSTOMERNUMBERORDERS.STATUS' is not a column in the target table.
	at org.apache.derby.impl.jdbc.SQLExceptionFactory.getSQLException(Unknown Source)
	at org.apache.derby.impl.jdbc.Util.generateCsSQLException(Unknown Source)
	at org.apache.derby.impl.jdbc.TransactionResourceImpl.wrapInSQLException(Unknown Source)
	at org.apache.derby.impl.jdbc.TransactionResourceImpl.handleException(Unknown Source)
	at org.apache.derby.impl.jdbc.EmbedConnection.handleException(Unknown Source)
	at org.apache.derby.impl.jdbc.ConnectionChild.handleException(Unknown Source)
	at org.apache.derby.impl.jdbc.EmbedPreparedStatement.<init>(Unknown Source)
	at org.apache.derby.impl.jdbc.EmbedPreparedStatement42.<init>(Unknown Source)
	at org.apache.derby.jdbc.Driver42.newEmbedPreparedStatement(Unknown Source)
	at org.apache.derby.impl.jdbc.EmbedConnection.prepareStatement(Unknown Source)
	at org.apache.derby.impl.jdbc.EmbedConnection.prepareStatement(Unknown Source)
	at org.eclipse.birt.report.data.oda.jdbc.Statement.prepare(Statement.java:131)
	... 21 more
Caused by: ERROR 42X04: Column 'ORDERS.CUSTOMERNUMBERORDERS.STATUS' is either not in any table in the FROM list or appears within a join specification and is outside the scope of the join specification or appears in a HAVING clause and is not in the GROUP BY list. If this is a CREATE or ALTER TABLE  statement then 'ORDERS.CUSTOMERNUMBERORDERS.STATUS' is not a column in the target table.
	at org.apache.derby.iapi.error.StandardException.newException(Unknown Source)
	at org.apache.derby.iapi.error.StandardException.newException(Unknown Source)
	at org.apache.derby.impl.sql.compile.ColumnReference.bindExpression(Unknown Source)
	at org.apache.derby.impl.sql.compile.ResultColumn.bindExpression(Unknown Source)
	at org.apache.derby.impl.sql.compile.ResultColumnList.bindExpressions(Unknown Source)
	at org.apache.derby.impl.sql.compile.SelectNode.bindExpressions(Unknown Source)
	at org.apache.derby.impl.sql.compile.DMLStatementNode.bindExpressions(Unknown Source)
	at org.apache.derby.impl.sql.compile.DMLStatementNode.bind(Unknown Source)
	at org.apache.derby.impl.sql.compile.CursorNode.bindStatement(Unknown Source)
	at org.apache.derby.impl.sql.GenericStatement.prepMinion(Unknown Source)
	at org.apache.derby.impl.sql.GenericStatement.prepare(Unknown Source)
	at org.apache.derby.impl.sql.conn.GenericLanguageConnectionContext.prepareInternalStatement(Unknown Source)
	... 27 more

Sep 23, 2017 5:57:52 PM org.eclipse.birt.report.engine.api.impl.DatasetPreviewTask doRun
SEVERE: An error happened while extracting data the report. Cause:
org.eclipse.birt.report.data.adapter.api.AdapterException: An exception occurred during processing. Please see the following message for details:
Failed to prepare the query execution for the data set: Orders
Failed to prepare the following query for the data set type (org.eclipse.birt.report.data.oda.jdbc.JdbcSelectDataSet). 
[SELECT Orders.orderNumber, 
Orders.orderDate,ORDERS.SHIPPEDDATE,ORDERS.CUSTOMERNUMBERORDERS.STATUS 
FROM Orders 
WHERE Orders.customerNumber = ? ]
    org.eclipse.birt.report.data.oda.jdbc.JDBCException: Error preparing SQL statement.
SQL error #1:Column 'ORDERS.CUSTOMERNUMBERORDERS.STATUS' is either not in any table in the FROM list or appears within a join specification and is outside the scope of the join specification or appears in a HAVING clause and is not in the GROUP BY list. If this is a CREATE or ALTER TABLE  statement then 'ORDERS.CUSTOMERNUMBERORDERS.STATUS' is not a column in the target table.
 ;
    java.sql.SQLSyntaxErrorException: Column 'ORDERS.CUSTOMERNUMBERORDERS.STATUS' is either not in any table in the FROM list or appears within a join specification and is outside the scope of the join specification or appears in a HAVING clause and is not in the GROUP BY list. If this is a CREATE or ALTER TABLE  statement then 'ORDERS.CUSTOMERNUMBERORDERS.STATUS' is not a column in the target table.
	at org.eclipse.birt.report.data.adapter.impl.DataRequestSessionImpl.execute(DataRequestSessionImpl.java:671)
	at org.eclipse.birt.report.engine.api.impl.DatasetPreviewTask.extractQuery(DatasetPreviewTask.java:347)
	at org.eclipse.birt.report.engine.api.impl.DatasetPreviewTask.doRun(DatasetPreviewTask.java:307)
	at org.eclipse.birt.report.engine.api.impl.DatasetPreviewTask.runDataset(DatasetPreviewTask.java:278)
	at org.eclipse.birt.report.engine.api.impl.DatasetPreviewTask.execute(DatasetPreviewTask.java:89)
	at org.eclipse.birt.report.designer.data.ui.dataset.DataSetPreviewer.preview(DataSetPreviewer.java:68)
	at org.eclipse.birt.report.designer.data.ui.dataset.ResultSetPreviewPage$5.run(ResultSetPreviewPage.java:372)
	at org.eclipse.jface.operation.ModalContext$ModalContextThread.run(ModalContext.java:119)
Caused by: org.eclipse.birt.data.engine.core.DataException: Failed to prepare the query execution for the data set: Orders
Failed to prepare the following query for the data set type (org.eclipse.birt.report.data.oda.jdbc.JdbcSelectDataSet). 
[SELECT Orders.orderNumber, 
Orders.orderDate,ORDERS.SHIPPEDDATE,ORDERS.CUSTOMERNUMBERORDERS.STATUS 
FROM Orders 
WHERE Orders.customerNumber = ? ]
    org.eclipse.birt.report.data.oda.jdbc.JDBCException: Error preparing SQL statement.
SQL error #1:Column 'ORDERS.CUSTOMERNUMBERORDERS.STATUS' is either not in any table in the FROM list or appears within a join specification and is outside the scope of the join specification or appears in a HAVING clause and is not in the GROUP BY list. If this is a CREATE or ALTER TABLE  statement then 'ORDERS.CUSTOMERNUMBERORDERS.STATUS' is not a column in the target table.
 ;
    java.sql.SQLSyntaxErrorException: Column 'ORDERS.CUSTOMERNUMBERORDERS.STATUS' is either not in any table in the FROM list or appears within a join specification and is outside the scope of the join specification or appears in a HAVING clause and is not in the GROUP BY list. If this is a CREATE or ALTER TABLE  statement then 'ORDERS.CUSTOMERNUMBERORDERS.STATUS' is not a column in the target table.
	at org.eclipse.birt.data.engine.impl.QueryExecutor.prepareExecution(QueryExecutor.java:353)
	at org.eclipse.birt.data.engine.impl.PreparedQuery.doPrepare(PreparedQuery.java:463)
	at org.eclipse.birt.data.engine.impl.PreparedDataSourceQuery.produceQueryResults(PreparedDataSourceQuery.java:190)
	at org.eclipse.birt.data.engine.impl.PreparedDataSourceQuery.execute(PreparedDataSourceQuery.java:178)
	at org.eclipse.birt.data.engine.impl.PreparedOdaDSQuery.execute(PreparedOdaDSQuery.java:179)
	at org.eclipse.birt.report.data.adapter.impl.DataRequestSessionImpl.execute(DataRequestSessionImpl.java:651)
	... 7 more
Caused by: org.eclipse.birt.data.engine.odaconsumer.OdaDataException: Failed to prepare the following query for the data set type (org.eclipse.birt.report.data.oda.jdbc.JdbcSelectDataSet). 
[SELECT Orders.orderNumber, 
Orders.orderDate,ORDERS.SHIPPEDDATE,ORDERS.CUSTOMERNUMBERORDERS.STATUS 
FROM Orders 
WHERE Orders.customerNumber = ? ]
    org.eclipse.birt.report.data.oda.jdbc.JDBCException: Error preparing SQL statement.
SQL error #1:Column 'ORDERS.CUSTOMERNUMBERORDERS.STATUS' is either not in any table in the FROM list or appears within a join specification and is outside the scope of the join specification or appears in a HAVING clause and is not in the GROUP BY list. If this is a CREATE or ALTER TABLE  statement then 'ORDERS.CUSTOMERNUMBERORDERS.STATUS' is not a column in the target table.
 ;
    java.sql.SQLSyntaxErrorException: Column 'ORDERS.CUSTOMERNUMBERORDERS.STATUS' is either not in any table in the FROM list or appears within a join specification and is outside the scope of the join specification or appears in a HAVING clause and is not in the GROUP BY list. If this is a CREATE or ALTER TABLE  statement then 'ORDERS.CUSTOMERNUMBERORDERS.STATUS' is not a column in the target table.
	at org.eclipse.birt.data.engine.odaconsumer.ExceptionHandler.newException(ExceptionHandler.java:54)
	at org.eclipse.birt.data.engine.odaconsumer.ExceptionHandler.throwException(ExceptionHandler.java:108)
	at org.eclipse.birt.data.engine.odaconsumer.Connection.prepareOdaQuery(Connection.java:298)
	at org.eclipse.birt.data.engine.odaconsumer.Connection.prepareStatement(Connection.java:197)
	at org.eclipse.birt.data.engine.executor.DataSource.prepareStatement(DataSource.java:302)
	at org.eclipse.birt.data.engine.executor.DataSourceQuery.prepare(DataSourceQuery.java:296)
	at org.eclipse.birt.data.engine.impl.PreparedOdaDSQuery$OdaDSQueryExecutor.prepareOdiQuery(PreparedOdaDSQuery.java:621)
	at org.eclipse.birt.data.engine.impl.QueryExecutor.prepareExecution(QueryExecutor.java:349)
	... 12 more
Caused by: org.eclipse.birt.report.data.oda.jdbc.JDBCException: Error preparing SQL statement.
SQL error #1:Column 'ORDERS.CUSTOMERNUMBERORDERS.STATUS' is either not in any table in the FROM list or appears within a join specification and is outside the scope of the join specification or appears in a HAVING clause and is not in the GROUP BY list. If this is a CREATE or ALTER TABLE  statement then 'ORDERS.CUSTOMERNUMBERORDERS.STATUS' is not a column in the target table.
 ;
    java.sql.SQLSyntaxErrorException: Column 'ORDERS.CUSTOMERNUMBERORDERS.STATUS' is either not in any table in the FROM list or appears within a join specification and is outside the scope of the join specification or appears in a HAVING clause and is not in the GROUP BY list. If this is a CREATE or ALTER TABLE  statement then 'ORDERS.CUSTOMERNUMBERORDERS.STATUS' is not a column in the target table.
	at org.eclipse.birt.report.data.oda.jdbc.Statement.prepare(Statement.java:135)
	at org.eclipse.birt.report.data.oda.jdbc.bidi.BidiStatement.prepare(BidiStatement.java:52)
	at org.eclipse.datatools.connectivity.oda.consumer.helper.OdaQuery.doPrepare(OdaQuery.java:240)
	at org.eclipse.datatools.connectivity.oda.consumer.helper.OdaQuery.prepare(OdaQuery.java:187)
	at org.eclipse.birt.data.engine.odaconsumer.Connection.prepareOdaQuery(Connection.java:290)
	... 17 more
Caused by: java.sql.SQLSyntaxErrorException: Column 'ORDERS.CUSTOMERNUMBERORDERS.STATUS' is either not in any table in the FROM list or appears within a join specification and is outside the scope of the join specification or appears in a HAVING clause and is not in the GROUP BY list. If this is a CREATE or ALTER TABLE  statement then 'ORDERS.CUSTOMERNUMBERORDERS.STATUS' is not a column in the target table.
	at org.apache.derby.impl.jdbc.SQLExceptionFactory.getSQLException(Unknown Source)
	at org.apache.derby.impl.jdbc.Util.generateCsSQLException(Unknown Source)
	at org.apache.derby.impl.jdbc.TransactionResourceImpl.wrapInSQLException(Unknown Source)
	at org.apache.derby.impl.jdbc.TransactionResourceImpl.handleException(Unknown Source)
	at org.apache.derby.impl.jdbc.EmbedConnection.handleException(Unknown Source)
	at org.apache.derby.impl.jdbc.ConnectionChild.handleException(Unknown Source)
	at org.apache.derby.impl.jdbc.EmbedPreparedStatement.<init>(Unknown Source)
	at org.apache.derby.impl.jdbc.EmbedPreparedStatement42.<init>(Unknown Source)
	at org.apache.derby.jdbc.Driver42.newEmbedPreparedStatement(Unknown Source)
	at org.apache.derby.impl.jdbc.EmbedConnection.prepareStatement(Unknown Source)
	at org.apache.derby.impl.jdbc.EmbedConnection.prepareStatement(Unknown Source)
	at org.eclipse.birt.report.data.oda.jdbc.Statement.prepare(Statement.java:131)
	... 21 more
Caused by: ERROR 42X04: Column 'ORDERS.CUSTOMERNUMBERORDERS.STATUS' is either not in any table in the FROM list or appears within a join specification and is outside the scope of the join specification or appears in a HAVING clause and is not in the GROUP BY list. If this is a CREATE or ALTER TABLE  statement then 'ORDERS.CUSTOMERNUMBERORDERS.STATUS' is not a column in the target table.
	at org.apache.derby.iapi.error.StandardException.newException(Unknown Source)
	at org.apache.derby.iapi.error.StandardException.newException(Unknown Source)
	at org.apache.derby.impl.sql.compile.ColumnReference.bindExpression(Unknown Source)
	at org.apache.derby.impl.sql.compile.ResultColumn.bindExpression(Unknown Source)
	at org.apache.derby.impl.sql.compile.ResultColumnList.bindExpressions(Unknown Source)
	at org.apache.derby.impl.sql.compile.SelectNode.bindExpressions(Unknown Source)
	at org.apache.derby.impl.sql.compile.DMLStatementNode.bindExpressions(Unknown Source)
	at org.apache.derby.impl.sql.compile.DMLStatementNode.bind(Unknown Source)
	at org.apache.derby.impl.sql.compile.CursorNode.bindStatement(Unknown Source)
	at org.apache.derby.impl.sql.GenericStatement.prepMinion(Unknown Source)
	at org.apache.derby.impl.sql.GenericStatement.prepare(Unknown Source)
	at org.apache.derby.impl.sql.conn.GenericLanguageConnectionContext.prepareInternalStatement(Unknown Source)
	... 27 more

Sep 23, 2017 5:58:39 PM org.eclipse.birt.report.data.oda.jdbc.ui.editors.MetaDataRetriever <init>
WARNING: Error preparing SQL statement.
SQL error #1:Column 'ORDERS.CUSTOMERNUMBERORDERS.STATUS' is either not in any table in the FROM list or appears within a join specification and is outside the scope of the join specification or appears in a HAVING clause and is not in the GROUP BY list. If this is a CREATE or ALTER TABLE  statement then 'ORDERS.CUSTOMERNUMBERORDERS.STATUS' is not a column in the target table.

org.eclipse.birt.report.data.oda.jdbc.JDBCException: Error preparing SQL statement.
SQL error #1:Column 'ORDERS.CUSTOMERNUMBERORDERS.STATUS' is either not in any table in the FROM list or appears within a join specification and is outside the scope of the join specification or appears in a HAVING clause and is not in the GROUP BY list. If this is a CREATE or ALTER TABLE  statement then 'ORDERS.CUSTOMERNUMBERORDERS.STATUS' is not a column in the target table.
 ;
    java.sql.SQLSyntaxErrorException: Column 'ORDERS.CUSTOMERNUMBERORDERS.STATUS' is either not in any table in the FROM list or appears within a join specification and is outside the scope of the join specification or appears in a HAVING clause and is not in the GROUP BY list. If this is a CREATE or ALTER TABLE  statement then 'ORDERS.CUSTOMERNUMBERORDERS.STATUS' is not a column in the target table.
	at org.eclipse.birt.report.data.oda.jdbc.Statement.prepare(Statement.java:135)
	at org.eclipse.birt.report.data.oda.jdbc.bidi.BidiStatement.prepare(BidiStatement.java:52)
	at org.eclipse.birt.report.data.oda.jdbc.ui.editors.MetaDataRetriever.<init>(MetaDataRetriever.java:66)
	at org.eclipse.birt.report.data.oda.jdbc.ui.editors.SQLDataSetEditorPage.collectDataSetDesign(SQLDataSetEditorPage.java:715)
	at org.eclipse.datatools.connectivity.oda.design.internal.ui.DataSetWizardPageCore.finishDataSetDesign(DataSetWizardPageCore.java:395)
	at org.eclipse.datatools.connectivity.oda.design.internal.ui.DataSetWizardBase.collectDataSetDesignFromPage(DataSetWizardBase.java:365)
	at org.eclipse.datatools.connectivity.oda.design.internal.ui.DataSetWizardBase.finishDataSetDesign(DataSetWizardBase.java:387)
	at org.eclipse.datatools.connectivity.oda.design.internal.ui.DataSetWizardBase.getResponseSession(DataSetWizardBase.java:123)
	at org.eclipse.datatools.connectivity.oda.design.internal.designsession.DataSetDesignSessionBase.finishDataSetDesign(DataSetDesignSessionBase.java:442)
	at org.eclipse.datatools.connectivity.oda.design.internal.designsession.DataSetDesignSessionBase.flush(DataSetDesignSessionBase.java:237)
	at org.eclipse.datatools.connectivity.oda.design.ui.designsession.DataSetDesignSession.flush(DataSetDesignSession.java:136)
	at org.eclipse.birt.report.designer.data.ui.dataset.PropertyPageWrapper.canLeave(PropertyPageWrapper.java:126)
	at org.eclipse.birt.report.designer.data.ui.property.AbstractPropertyDialog.showPage(AbstractPropertyDialog.java:568)
	at org.eclipse.birt.report.designer.data.ui.property.AbstractPropertyDialog.showSelectionPage(AbstractPropertyDialog.java:482)
	at org.eclipse.birt.report.designer.data.ui.dataset.DataSetEditor.showSelectionPage(DataSetEditor.java:913)
	at org.eclipse.birt.report.designer.data.ui.property.AbstractPropertyDialog$2$1.run(AbstractPropertyDialog.java:438)
	at org.eclipse.swt.custom.BusyIndicator.showWhile(BusyIndicator.java:70)
	at org.eclipse.birt.report.designer.data.ui.property.AbstractPropertyDialog$2.selectionChanged(AbstractPropertyDialog.java:433)
	at org.eclipse.jface.viewers.Viewer$1.run(Viewer.java:158)
	at org.eclipse.core.runtime.SafeRunner.run(SafeRunner.java:42)
	at org.eclipse.ui.internal.JFaceUtil$1.run(JFaceUtil.java:50)
	at org.eclipse.jface.util.SafeRunnable.run(SafeRunnable.java:173)
	at org.eclipse.jface.viewers.Viewer.fireSelectionChanged(Viewer.java:155)
	at org.eclipse.jface.viewers.StructuredViewer.updateSelection(StructuredViewer.java:2191)
	at org.eclipse.jface.viewers.StructuredViewer.handleSelect(StructuredViewer.java:1229)
	at org.eclipse.jface.viewers.StructuredViewer$4.widgetSelected(StructuredViewer.java:1258)
	at org.eclipse.jface.util.OpenStrategy.fireSelectionEvent(OpenStrategy.java:242)
	at org.eclipse.jface.util.OpenStrategy.access$4(OpenStrategy.java:236)
	at org.eclipse.jface.util.OpenStrategy$1.handleEvent(OpenStrategy.java:405)
	at org.eclipse.swt.widgets.EventTable.sendEvent(EventTable.java:84)
	at org.eclipse.swt.widgets.Display.sendEvent(Display.java:4410)
	at org.eclipse.swt.widgets.Widget.sendEvent(Widget.java:1079)
	at org.eclipse.swt.widgets.Display.runDeferredEvents(Display.java:4228)
	at org.eclipse.swt.widgets.Display.readAndDispatch(Display.java:3816)
	at org.eclipse.jface.window.Window.runEventLoop(Window.java:818)
	at org.eclipse.jface.window.Window.open(Window.java:794)
	at org.eclipse.birt.report.designer.ui.dialogs.BaseDialog.open(BaseDialog.java:117)
	at org.eclipse.birt.report.designer.data.ui.actions.EditDataSetAction.doAction(EditDataSetAction.java:105)
	at org.eclipse.birt.report.designer.internal.ui.views.actions.AbstractElementAction.run(AbstractElementAction.java:70)
	at org.eclipse.jface.action.Action.runWithEvent(Action.java:473)
	at org.eclipse.jface.action.ActionContributionItem.handleWidgetSelection(ActionContributionItem.java:565)
	at org.eclipse.jface.action.ActionContributionItem.lambda$4(ActionContributionItem.java:397)
	at org.eclipse.swt.widgets.EventTable.sendEvent(EventTable.java:84)
	at org.eclipse.swt.widgets.Display.sendEvent(Display.java:4410)
	at org.eclipse.swt.widgets.Widget.sendEvent(Widget.java:1079)
	at org.eclipse.swt.widgets.Display.runDeferredEvents(Display.java:4228)
	at org.eclipse.swt.widgets.Display.readAndDispatch(Display.java:3816)
	at org.eclipse.e4.ui.internal.workbench.swt.PartRenderingEngine$4.run(PartRenderingEngine.java:1121)
	at org.eclipse.core.databinding.observable.Realm.runWithDefault(Realm.java:336)
	at org.eclipse.e4.ui.internal.workbench.swt.PartRenderingEngine.run(PartRenderingEngine.java:1022)
	at org.eclipse.e4.ui.internal.workbench.E4Workbench.createAndRunUI(E4Workbench.java:150)
	at org.eclipse.ui.internal.Workbench$5.run(Workbench.java:687)
	at org.eclipse.core.databinding.observable.Realm.runWithDefault(Realm.java:336)
	at org.eclipse.ui.internal.Workbench.createAndRunWorkbench(Workbench.java:604)
	at org.eclipse.ui.PlatformUI.createAndRunWorkbench(PlatformUI.java:148)
	at org.eclipse.ui.internal.ide.application.IDEApplication.start(IDEApplication.java:138)
	at org.eclipse.equinox.internal.app.EclipseAppHandle.run(EclipseAppHandle.java:196)
	at org.eclipse.core.runtime.internal.adaptor.EclipseAppLauncher.runApplication(EclipseAppLauncher.java:134)
	at org.eclipse.core.runtime.internal.adaptor.EclipseAppLauncher.start(EclipseAppLauncher.java:104)
	at org.eclipse.core.runtime.adaptor.EclipseStarter.run(EclipseStarter.java:388)
	at org.eclipse.core.runtime.adaptor.EclipseStarter.run(EclipseStarter.java:243)
	at sun.reflect.NativeMethodAccessorImpl.invoke0(Native Method)
	at sun.reflect.NativeMethodAccessorImpl.invoke(Unknown Source)
	at sun.reflect.DelegatingMethodAccessorImpl.invoke(Unknown Source)
	at java.lang.reflect.Method.invoke(Unknown Source)
	at org.eclipse.equinox.launcher.Main.invokeFramework(Main.java:673)
	at org.eclipse.equinox.launcher.Main.basicRun(Main.java:610)
	at org.eclipse.equinox.launcher.Main.run(Main.java:1519)
Caused by: java.sql.SQLSyntaxErrorException: Column 'ORDERS.CUSTOMERNUMBERORDERS.STATUS' is either not in any table in the FROM list or appears within a join specification and is outside the scope of the join specification or appears in a HAVING clause and is not in the GROUP BY list. If this is a CREATE or ALTER TABLE  statement then 'ORDERS.CUSTOMERNUMBERORDERS.STATUS' is not a column in the target table.
	at org.apache.derby.impl.jdbc.SQLExceptionFactory.getSQLException(Unknown Source)
	at org.apache.derby.impl.jdbc.Util.generateCsSQLException(Unknown Source)
	at org.apache.derby.impl.jdbc.TransactionResourceImpl.wrapInSQLException(Unknown Source)
	at org.apache.derby.impl.jdbc.TransactionResourceImpl.handleException(Unknown Source)
	at org.apache.derby.impl.jdbc.EmbedConnection.handleException(Unknown Source)
	at org.apache.derby.impl.jdbc.ConnectionChild.handleException(Unknown Source)
	at org.apache.derby.impl.jdbc.EmbedPreparedStatement.<init>(Unknown Source)
	at org.apache.derby.impl.jdbc.EmbedPreparedStatement42.<init>(Unknown Source)
	at org.apache.derby.jdbc.Driver42.newEmbedPreparedStatement(Unknown Source)
	at org.apache.derby.impl.jdbc.EmbedConnection.prepareStatement(Unknown Source)
	at org.apache.derby.impl.jdbc.EmbedConnection.prepareStatement(Unknown Source)
	at org.eclipse.birt.report.data.oda.jdbc.Statement.prepare(Statement.java:131)
	... 67 more
Caused by: ERROR 42X04: Column 'ORDERS.CUSTOMERNUMBERORDERS.STATUS' is either not in any table in the FROM list or appears within a join specification and is outside the scope of the join specification or appears in a HAVING clause and is not in the GROUP BY list. If this is a CREATE or ALTER TABLE  statement then 'ORDERS.CUSTOMERNUMBERORDERS.STATUS' is not a column in the target table.
	at org.apache.derby.iapi.error.StandardException.newException(Unknown Source)
	at org.apache.derby.iapi.error.StandardException.newException(Unknown Source)
	at org.apache.derby.impl.sql.compile.ColumnReference.bindExpression(Unknown Source)
	at org.apache.derby.impl.sql.compile.ResultColumn.bindExpression(Unknown Source)
	at org.apache.derby.impl.sql.compile.ResultColumnList.bindExpressions(Unknown Source)
	at org.apache.derby.impl.sql.compile.SelectNode.bindExpressions(Unknown Source)
	at org.apache.derby.impl.sql.compile.DMLStatementNode.bindExpressions(Unknown Source)
	at org.apache.derby.impl.sql.compile.DMLStatementNode.bind(Unknown Source)
	at org.apache.derby.impl.sql.compile.CursorNode.bindStatement(Unknown Source)
	at org.apache.derby.impl.sql.GenericStatement.prepMinion(Unknown Source)
	at org.apache.derby.impl.sql.GenericStatement.prepare(Unknown Source)
	at org.apache.derby.impl.sql.conn.GenericLanguageConnectionContext.prepareInternalStatement(Unknown Source)
	... 73 more

Sep 23, 2017 5:58:39 PM org.eclipse.birt.data.engine.odaconsumer.Connection prepareOdaQuery
SEVERE: Failed to prepare the following query for the data set type (org.eclipse.birt.report.data.oda.jdbc.JdbcSelectDataSet). 
[SELECT Orders.orderNumber, 
Orders.orderDate,ORDERS.SHIPPEDDATE,ORDERS.CUSTOMERNUMBERORDERS.STATUS 
FROM Orders 
WHERE Orders.customerNumber = 141 ]
org.eclipse.birt.report.data.oda.jdbc.JDBCException: Error preparing SQL statement.
SQL error #1:Column 'ORDERS.CUSTOMERNUMBERORDERS.STATUS' is either not in any table in the FROM list or appears within a join specification and is outside the scope of the join specification or appears in a HAVING clause and is not in the GROUP BY list. If this is a CREATE or ALTER TABLE  statement then 'ORDERS.CUSTOMERNUMBERORDERS.STATUS' is not a column in the target table.
 ;
    java.sql.SQLSyntaxErrorException: Column 'ORDERS.CUSTOMERNUMBERORDERS.STATUS' is either not in any table in the FROM list or appears within a join specification and is outside the scope of the join specification or appears in a HAVING clause and is not in the GROUP BY list. If this is a CREATE or ALTER TABLE  statement then 'ORDERS.CUSTOMERNUMBERORDERS.STATUS' is not a column in the target table.
	at org.eclipse.birt.report.data.oda.jdbc.Statement.prepare(Statement.java:135)
	at org.eclipse.birt.report.data.oda.jdbc.bidi.BidiStatement.prepare(BidiStatement.java:52)
	at org.eclipse.datatools.connectivity.oda.consumer.helper.OdaQuery.doPrepare(OdaQuery.java:240)
	at org.eclipse.datatools.connectivity.oda.consumer.helper.OdaQuery.prepare(OdaQuery.java:187)
	at org.eclipse.birt.data.engine.odaconsumer.Connection.prepareOdaQuery(Connection.java:290)
	at org.eclipse.birt.data.engine.odaconsumer.Connection.prepareStatement(Connection.java:197)
	at org.eclipse.birt.data.engine.executor.DataSource.prepareStatement(DataSource.java:302)
	at org.eclipse.birt.data.engine.executor.DataSourceQuery.prepare(DataSourceQuery.java:296)
	at org.eclipse.birt.data.engine.impl.PreparedOdaDSQuery$OdaDSQueryExecutor.prepareOdiQuery(PreparedOdaDSQuery.java:621)
	at org.eclipse.birt.data.engine.impl.QueryExecutor.prepareExecution(QueryExecutor.java:349)
	at org.eclipse.birt.data.engine.impl.PreparedQuery.doPrepare(PreparedQuery.java:463)
	at org.eclipse.birt.data.engine.impl.PreparedDataSourceQuery.produceQueryResults(PreparedDataSourceQuery.java:190)
	at org.eclipse.birt.data.engine.impl.PreparedDataSourceQuery.execute(PreparedDataSourceQuery.java:178)
	at org.eclipse.birt.data.engine.impl.PreparedOdaDSQuery.execute(PreparedOdaDSQuery.java:179)
	at org.eclipse.birt.report.data.adapter.impl.DataRequestSessionImpl.execute(DataRequestSessionImpl.java:651)
	at org.eclipse.birt.report.engine.api.impl.DatasetPreviewTask.extractQuery(DatasetPreviewTask.java:347)
	at org.eclipse.birt.report.engine.api.impl.DatasetPreviewTask.doRun(DatasetPreviewTask.java:307)
	at org.eclipse.birt.report.engine.api.impl.DatasetPreviewTask.runDataset(DatasetPreviewTask.java:278)
	at org.eclipse.birt.report.engine.api.impl.DatasetPreviewTask.execute(DatasetPreviewTask.java:89)
	at org.eclipse.birt.report.designer.data.ui.dataset.DataSetPreviewer.preview(DataSetPreviewer.java:68)
	at org.eclipse.birt.report.designer.data.ui.dataset.ResultSetPreviewPage$5.run(ResultSetPreviewPage.java:372)
	at org.eclipse.jface.operation.ModalContext$ModalContextThread.run(ModalContext.java:119)
Caused by: java.sql.SQLSyntaxErrorException: Column 'ORDERS.CUSTOMERNUMBERORDERS.STATUS' is either not in any table in the FROM list or appears within a join specification and is outside the scope of the join specification or appears in a HAVING clause and is not in the GROUP BY list. If this is a CREATE or ALTER TABLE  statement then 'ORDERS.CUSTOMERNUMBERORDERS.STATUS' is not a column in the target table.
	at org.apache.derby.impl.jdbc.SQLExceptionFactory.getSQLException(Unknown Source)
	at org.apache.derby.impl.jdbc.Util.generateCsSQLException(Unknown Source)
	at org.apache.derby.impl.jdbc.TransactionResourceImpl.wrapInSQLException(Unknown Source)
	at org.apache.derby.impl.jdbc.TransactionResourceImpl.handleException(Unknown Source)
	at org.apache.derby.impl.jdbc.EmbedConnection.handleException(Unknown Source)
	at org.apache.derby.impl.jdbc.ConnectionChild.handleException(Unknown Source)
	at org.apache.derby.impl.jdbc.EmbedPreparedStatement.<init>(Unknown Source)
	at org.apache.derby.impl.jdbc.EmbedPreparedStatement42.<init>(Unknown Source)
	at org.apache.derby.jdbc.Driver42.newEmbedPreparedStatement(Unknown Source)
	at org.apache.derby.impl.jdbc.EmbedConnection.prepareStatement(Unknown Source)
	at org.apache.derby.impl.jdbc.EmbedConnection.prepareStatement(Unknown Source)
	at org.eclipse.birt.report.data.oda.jdbc.Statement.prepare(Statement.java:131)
	... 21 more
Caused by: ERROR 42X04: Column 'ORDERS.CUSTOMERNUMBERORDERS.STATUS' is either not in any table in the FROM list or appears within a join specification and is outside the scope of the join specification or appears in a HAVING clause and is not in the GROUP BY list. If this is a CREATE or ALTER TABLE  statement then 'ORDERS.CUSTOMERNUMBERORDERS.STATUS' is not a column in the target table.
	at org.apache.derby.iapi.error.StandardException.newException(Unknown Source)
	at org.apache.derby.iapi.error.StandardException.newException(Unknown Source)
	at org.apache.derby.impl.sql.compile.ColumnReference.bindExpression(Unknown Source)
	at org.apache.derby.impl.sql.compile.ResultColumn.bindExpression(Unknown Source)
	at org.apache.derby.impl.sql.compile.ResultColumnList.bindExpressions(Unknown Source)
	at org.apache.derby.impl.sql.compile.SelectNode.bindExpressions(Unknown Source)
	at org.apache.derby.impl.sql.compile.DMLStatementNode.bindExpressions(Unknown Source)
	at org.apache.derby.impl.sql.compile.DMLStatementNode.bind(Unknown Source)
	at org.apache.derby.impl.sql.compile.CursorNode.bindStatement(Unknown Source)
	at org.apache.derby.impl.sql.GenericStatement.prepMinion(Unknown Source)
	at org.apache.derby.impl.sql.GenericStatement.prepare(Unknown Source)
	at org.apache.derby.impl.sql.conn.GenericLanguageConnectionContext.prepareInternalStatement(Unknown Source)
	... 27 more

Sep 23, 2017 5:58:39 PM org.eclipse.birt.report.engine.api.impl.DatasetPreviewTask doRun
SEVERE: An error happened while extracting data the report. Cause:
org.eclipse.birt.report.data.adapter.api.AdapterException: An exception occurred during processing. Please see the following message for details:
Failed to prepare the query execution for the data set: Orders
Failed to prepare the following query for the data set type (org.eclipse.birt.report.data.oda.jdbc.JdbcSelectDataSet). 
[SELECT Orders.orderNumber, 
Orders.orderDate,ORDERS.SHIPPEDDATE,ORDERS.CUSTOMERNUMBERORDERS.STATUS 
FROM Orders 
WHERE Orders.customerNumber = 141 ]
    org.eclipse.birt.report.data.oda.jdbc.JDBCException: Error preparing SQL statement.
SQL error #1:Column 'ORDERS.CUSTOMERNUMBERORDERS.STATUS' is either not in any table in the FROM list or appears within a join specification and is outside the scope of the join specification or appears in a HAVING clause and is not in the GROUP BY list. If this is a CREATE or ALTER TABLE  statement then 'ORDERS.CUSTOMERNUMBERORDERS.STATUS' is not a column in the target table.
 ;
    java.sql.SQLSyntaxErrorException: Column 'ORDERS.CUSTOMERNUMBERORDERS.STATUS' is either not in any table in the FROM list or appears within a join specification and is outside the scope of the join specification or appears in a HAVING clause and is not in the GROUP BY list. If this is a CREATE or ALTER TABLE  statement then 'ORDERS.CUSTOMERNUMBERORDERS.STATUS' is not a column in the target table.
	at org.eclipse.birt.report.data.adapter.impl.DataRequestSessionImpl.execute(DataRequestSessionImpl.java:671)
	at org.eclipse.birt.report.engine.api.impl.DatasetPreviewTask.extractQuery(DatasetPreviewTask.java:347)
	at org.eclipse.birt.report.engine.api.impl.DatasetPreviewTask.doRun(DatasetPreviewTask.java:307)
	at org.eclipse.birt.report.engine.api.impl.DatasetPreviewTask.runDataset(DatasetPreviewTask.java:278)
	at org.eclipse.birt.report.engine.api.impl.DatasetPreviewTask.execute(DatasetPreviewTask.java:89)
	at org.eclipse.birt.report.designer.data.ui.dataset.DataSetPreviewer.preview(DataSetPreviewer.java:68)
	at org.eclipse.birt.report.designer.data.ui.dataset.ResultSetPreviewPage$5.run(ResultSetPreviewPage.java:372)
	at org.eclipse.jface.operation.ModalContext$ModalContextThread.run(ModalContext.java:119)
Caused by: org.eclipse.birt.data.engine.core.DataException: Failed to prepare the query execution for the data set: Orders
Failed to prepare the following query for the data set type (org.eclipse.birt.report.data.oda.jdbc.JdbcSelectDataSet). 
[SELECT Orders.orderNumber, 
Orders.orderDate,ORDERS.SHIPPEDDATE,ORDERS.CUSTOMERNUMBERORDERS.STATUS 
FROM Orders 
WHERE Orders.customerNumber = 141 ]
    org.eclipse.birt.report.data.oda.jdbc.JDBCException: Error preparing SQL statement.
SQL error #1:Column 'ORDERS.CUSTOMERNUMBERORDERS.STATUS' is either not in any table in the FROM list or appears within a join specification and is outside the scope of the join specification or appears in a HAVING clause and is not in the GROUP BY list. If this is a CREATE or ALTER TABLE  statement then 'ORDERS.CUSTOMERNUMBERORDERS.STATUS' is not a column in the target table.
 ;
    java.sql.SQLSyntaxErrorException: Column 'ORDERS.CUSTOMERNUMBERORDERS.STATUS' is either not in any table in the FROM list or appears within a join specification and is outside the scope of the join specification or appears in a HAVING clause and is not in the GROUP BY list. If this is a CREATE or ALTER TABLE  statement then 'ORDERS.CUSTOMERNUMBERORDERS.STATUS' is not a column in the target table.
	at org.eclipse.birt.data.engine.impl.QueryExecutor.prepareExecution(QueryExecutor.java:353)
	at org.eclipse.birt.data.engine.impl.PreparedQuery.doPrepare(PreparedQuery.java:463)
	at org.eclipse.birt.data.engine.impl.PreparedDataSourceQuery.produceQueryResults(PreparedDataSourceQuery.java:190)
	at org.eclipse.birt.data.engine.impl.PreparedDataSourceQuery.execute(PreparedDataSourceQuery.java:178)
	at org.eclipse.birt.data.engine.impl.PreparedOdaDSQuery.execute(PreparedOdaDSQuery.java:179)
	at org.eclipse.birt.report.data.adapter.impl.DataRequestSessionImpl.execute(DataRequestSessionImpl.java:651)
	... 7 more
Caused by: org.eclipse.birt.data.engine.odaconsumer.OdaDataException: Failed to prepare the following query for the data set type (org.eclipse.birt.report.data.oda.jdbc.JdbcSelectDataSet). 
[SELECT Orders.orderNumber, 
Orders.orderDate,ORDERS.SHIPPEDDATE,ORDERS.CUSTOMERNUMBERORDERS.STATUS 
FROM Orders 
WHERE Orders.customerNumber = 141 ]
    org.eclipse.birt.report.data.oda.jdbc.JDBCException: Error preparing SQL statement.
SQL error #1:Column 'ORDERS.CUSTOMERNUMBERORDERS.STATUS' is either not in any table in the FROM list or appears within a join specification and is outside the scope of the join specification or appears in a HAVING clause and is not in the GROUP BY list. If this is a CREATE or ALTER TABLE  statement then 'ORDERS.CUSTOMERNUMBERORDERS.STATUS' is not a column in the target table.
 ;
    java.sql.SQLSyntaxErrorException: Column 'ORDERS.CUSTOMERNUMBERORDERS.STATUS' is either not in any table in the FROM list or appears within a join specification and is outside the scope of the join specification or appears in a HAVING clause and is not in the GROUP BY list. If this is a CREATE or ALTER TABLE  statement then 'ORDERS.CUSTOMERNUMBERORDERS.STATUS' is not a column in the target table.
	at org.eclipse.birt.data.engine.odaconsumer.ExceptionHandler.newException(ExceptionHandler.java:54)
	at org.eclipse.birt.data.engine.odaconsumer.ExceptionHandler.throwException(ExceptionHandler.java:108)
	at org.eclipse.birt.data.engine.odaconsumer.Connection.prepareOdaQuery(Connection.java:298)
	at org.eclipse.birt.data.engine.odaconsumer.Connection.prepareStatement(Connection.java:197)
	at org.eclipse.birt.data.engine.executor.DataSource.prepareStatement(DataSource.java:302)
	at org.eclipse.birt.data.engine.executor.DataSourceQuery.prepare(DataSourceQuery.java:296)
	at org.eclipse.birt.data.engine.impl.PreparedOdaDSQuery$OdaDSQueryExecutor.prepareOdiQuery(PreparedOdaDSQuery.java:621)
	at org.eclipse.birt.data.engine.impl.QueryExecutor.prepareExecution(QueryExecutor.java:349)
	... 12 more
Caused by: org.eclipse.birt.report.data.oda.jdbc.JDBCException: Error preparing SQL statement.
SQL error #1:Column 'ORDERS.CUSTOMERNUMBERORDERS.STATUS' is either not in any table in the FROM list or appears within a join specification and is outside the scope of the join specification or appears in a HAVING clause and is not in the GROUP BY list. If this is a CREATE or ALTER TABLE  statement then 'ORDERS.CUSTOMERNUMBERORDERS.STATUS' is not a column in the target table.
 ;
    java.sql.SQLSyntaxErrorException: Column 'ORDERS.CUSTOMERNUMBERORDERS.STATUS' is either not in any table in the FROM list or appears within a join specification and is outside the scope of the join specification or appears in a HAVING clause and is not in the GROUP BY list. If this is a CREATE or ALTER TABLE  statement then 'ORDERS.CUSTOMERNUMBERORDERS.STATUS' is not a column in the target table.
	at org.eclipse.birt.report.data.oda.jdbc.Statement.prepare(Statement.java:135)
	at org.eclipse.birt.report.data.oda.jdbc.bidi.BidiStatement.prepare(BidiStatement.java:52)
	at org.eclipse.datatools.connectivity.oda.consumer.helper.OdaQuery.doPrepare(OdaQuery.java:240)
	at org.eclipse.datatools.connectivity.oda.consumer.helper.OdaQuery.prepare(OdaQuery.java:187)
	at org.eclipse.birt.data.engine.odaconsumer.Connection.prepareOdaQuery(Connection.java:290)
	... 17 more
Caused by: java.sql.SQLSyntaxErrorException: Column 'ORDERS.CUSTOMERNUMBERORDERS.STATUS' is either not in any table in the FROM list or appears within a join specification and is outside the scope of the join specification or appears in a HAVING clause and is not in the GROUP BY list. If this is a CREATE or ALTER TABLE  statement then 'ORDERS.CUSTOMERNUMBERORDERS.STATUS' is not a column in the target table.
	at org.apache.derby.impl.jdbc.SQLExceptionFactory.getSQLException(Unknown Source)
	at org.apache.derby.impl.jdbc.Util.generateCsSQLException(Unknown Source)
	at org.apache.derby.impl.jdbc.TransactionResourceImpl.wrapInSQLException(Unknown Source)
	at org.apache.derby.impl.jdbc.TransactionResourceImpl.handleException(Unknown Source)
	at org.apache.derby.impl.jdbc.EmbedConnection.handleException(Unknown Source)
	at org.apache.derby.impl.jdbc.ConnectionChild.handleException(Unknown Source)
	at org.apache.derby.impl.jdbc.EmbedPreparedStatement.<init>(Unknown Source)
	at org.apache.derby.impl.jdbc.EmbedPreparedStatement42.<init>(Unknown Source)
	at org.apache.derby.jdbc.Driver42.newEmbedPreparedStatement(Unknown Source)
	at org.apache.derby.impl.jdbc.EmbedConnection.prepareStatement(Unknown Source)
	at org.apache.derby.impl.jdbc.EmbedConnection.prepareStatement(Unknown Source)
	at org.eclipse.birt.report.data.oda.jdbc.Statement.prepare(Statement.java:131)
	... 21 more
Caused by: ERROR 42X04: Column 'ORDERS.CUSTOMERNUMBERORDERS.STATUS' is either not in any table in the FROM list or appears within a join specification and is outside the scope of the join specification or appears in a HAVING clause and is not in the GROUP BY list. If this is a CREATE or ALTER TABLE  statement then 'ORDERS.CUSTOMERNUMBERORDERS.STATUS' is not a column in the target table.
	at org.apache.derby.iapi.error.StandardException.newException(Unknown Source)
	at org.apache.derby.iapi.error.StandardException.newException(Unknown Source)
	at org.apache.derby.impl.sql.compile.ColumnReference.bindExpression(Unknown Source)
	at org.apache.derby.impl.sql.compile.ResultColumn.bindExpression(Unknown Source)
	at org.apache.derby.impl.sql.compile.ResultColumnList.bindExpressions(Unknown Source)
	at org.apache.derby.impl.sql.compile.SelectNode.bindExpressions(Unknown Source)
	at org.apache.derby.impl.sql.compile.DMLStatementNode.bindExpressions(Unknown Source)
	at org.apache.derby.impl.sql.compile.DMLStatementNode.bind(Unknown Source)
	at org.apache.derby.impl.sql.compile.CursorNode.bindStatement(Unknown Source)
	at org.apache.derby.impl.sql.GenericStatement.prepMinion(Unknown Source)
	at org.apache.derby.impl.sql.GenericStatement.prepare(Unknown Source)
	at org.apache.derby.impl.sql.conn.GenericLanguageConnectionContext.prepareInternalStatement(Unknown Source)
	... 27 more

Sep 23, 2017 5:59:17 PM org.eclipse.birt.data.engine.odaconsumer.PreparedStatement doSetInt( int, int )
SEVERE: Cannot set the integer value (103) to parameter 1.
org.eclipse.birt.report.data.oda.jdbc.JDBCException: Cannot set preparedStatement parameter int value.
SQL error #1:No input parameters.
 ;
    java.sql.SQLException: No input parameters.
	at org.eclipse.birt.report.data.oda.jdbc.Statement.setInt(Statement.java:580)
	at org.eclipse.datatools.connectivity.oda.consumer.helper.OdaQuery.setInt(OdaQuery.java:544)
	at org.eclipse.birt.data.engine.odaconsumer.PreparedStatement.doSetInt(PreparedStatement.java:4213)
	at org.eclipse.birt.data.engine.odaconsumer.PreparedStatement.setInt(PreparedStatement.java:3847)
	at org.eclipse.birt.data.engine.odaconsumer.PreparedStatement.setParameterValue(PreparedStatement.java:3120)
	at org.eclipse.birt.data.engine.odaconsumer.PreparedStatement.setParameterValue(PreparedStatement.java:3070)
	at org.eclipse.birt.data.engine.executor.DataSourceQuery.setInputParameterBinding(DataSourceQuery.java:1196)
	at org.eclipse.birt.data.engine.executor.DataSourceQuery.addParameterDefns(DataSourceQuery.java:609)
	at org.eclipse.birt.data.engine.executor.DataSourceQuery.prepare(DataSourceQuery.java:308)
	at org.eclipse.birt.data.engine.impl.PreparedOdaDSQuery$OdaDSQueryExecutor.prepareOdiQuery(PreparedOdaDSQuery.java:621)
	at org.eclipse.birt.data.engine.impl.QueryExecutor.prepareExecution(QueryExecutor.java:349)
	at org.eclipse.birt.data.engine.impl.PreparedQuery.doPrepare(PreparedQuery.java:463)
	at org.eclipse.birt.data.engine.impl.PreparedDataSourceQuery.produceQueryResults(PreparedDataSourceQuery.java:190)
	at org.eclipse.birt.data.engine.impl.PreparedDataSourceQuery.execute(PreparedDataSourceQuery.java:178)
	at org.eclipse.birt.data.engine.impl.PreparedOdaDSQuery.execute(PreparedOdaDSQuery.java:179)
	at org.eclipse.birt.report.data.adapter.impl.DataRequestSessionImpl.execute(DataRequestSessionImpl.java:651)
	at org.eclipse.birt.report.engine.api.impl.DatasetPreviewTask.extractQuery(DatasetPreviewTask.java:347)
	at org.eclipse.birt.report.engine.api.impl.DatasetPreviewTask.doRun(DatasetPreviewTask.java:307)
	at org.eclipse.birt.report.engine.api.impl.DatasetPreviewTask.runDataset(DatasetPreviewTask.java:278)
	at org.eclipse.birt.report.engine.api.impl.DatasetPreviewTask.execute(DatasetPreviewTask.java:89)
	at org.eclipse.birt.report.designer.data.ui.dataset.DataSetPreviewer.preview(DataSetPreviewer.java:68)
	at org.eclipse.birt.report.designer.data.ui.dataset.ResultSetPreviewPage$5.run(ResultSetPreviewPage.java:372)
	at org.eclipse.jface.operation.ModalContext$ModalContextThread.run(ModalContext.java:119)
Caused by: java.sql.SQLException: No input parameters.
	at org.apache.derby.impl.jdbc.SQLExceptionFactory.getSQLException(Unknown Source)
	at org.apache.derby.impl.jdbc.Util.generateCsSQLException(Unknown Source)
	at org.apache.derby.impl.jdbc.TransactionResourceImpl.wrapInSQLException(Unknown Source)
	at org.apache.derby.impl.jdbc.EmbedResultSet.noStateChangeException(Unknown Source)
	at org.apache.derby.impl.jdbc.EmbedPreparedStatement.setInt(Unknown Source)
	at org.eclipse.birt.report.data.oda.jdbc.Statement.setInt(Statement.java:575)
	... 22 more
Caused by: ERROR 07009: No input parameters.
	at org.apache.derby.iapi.error.StandardException.newException(Unknown Source)
	at org.apache.derby.iapi.error.StandardException.newException(Unknown Source)
	at org.apache.derby.impl.sql.GenericParameterValueSet.checkPosition(Unknown Source)
	at org.apache.derby.impl.sql.GenericParameterValueSet.getParameterForSet(Unknown Source)
	... 24 more

Sep 23, 2017 5:59:17 PM org.eclipse.birt.data.engine.odaconsumer.PreparedStatement getParameterMetaData( int )
SEVERE: Cannot get ODA driver parameter metadata.
Sep 23, 2017 5:59:17 PM org.eclipse.birt.data.engine.odaconsumer.PreparedStatement retrySetParameterValue
SEVERE: Cannot set input parameter.
org.eclipse.birt.data.engine.odaconsumer.OdaDataException: Cannot set the integer value (103) to parameter 1.
    org.eclipse.birt.report.data.oda.jdbc.JDBCException: Cannot set preparedStatement parameter int value.
SQL error #1:No input parameters.
 ;
    java.sql.SQLException: No input parameters.
	at org.eclipse.birt.data.engine.odaconsumer.ExceptionHandler.newException(ExceptionHandler.java:54)
	at org.eclipse.birt.data.engine.odaconsumer.ExceptionHandler.throwException(ExceptionHandler.java:108)
	at org.eclipse.birt.data.engine.odaconsumer.PreparedStatement.doSetInt(PreparedStatement.java:4218)
	at org.eclipse.birt.data.engine.odaconsumer.PreparedStatement.setInt(PreparedStatement.java:3847)
	at org.eclipse.birt.data.engine.odaconsumer.PreparedStatement.setParameterValue(PreparedStatement.java:3120)
	at org.eclipse.birt.data.engine.odaconsumer.PreparedStatement.setParameterValue(PreparedStatement.java:3070)
	at org.eclipse.birt.data.engine.executor.DataSourceQuery.setInputParameterBinding(DataSourceQuery.java:1196)
	at org.eclipse.birt.data.engine.executor.DataSourceQuery.addParameterDefns(DataSourceQuery.java:609)
	at org.eclipse.birt.data.engine.executor.DataSourceQuery.prepare(DataSourceQuery.java:308)
	at org.eclipse.birt.data.engine.impl.PreparedOdaDSQuery$OdaDSQueryExecutor.prepareOdiQuery(PreparedOdaDSQuery.java:621)
	at org.eclipse.birt.data.engine.impl.QueryExecutor.prepareExecution(QueryExecutor.java:349)
	at org.eclipse.birt.data.engine.impl.PreparedQuery.doPrepare(PreparedQuery.java:463)
	at org.eclipse.birt.data.engine.impl.PreparedDataSourceQuery.produceQueryResults(PreparedDataSourceQuery.java:190)
	at org.eclipse.birt.data.engine.impl.PreparedDataSourceQuery.execute(PreparedDataSourceQuery.java:178)
	at org.eclipse.birt.data.engine.impl.PreparedOdaDSQuery.execute(PreparedOdaDSQuery.java:179)
	at org.eclipse.birt.report.data.adapter.impl.DataRequestSessionImpl.execute(DataRequestSessionImpl.java:651)
	at org.eclipse.birt.report.engine.api.impl.DatasetPreviewTask.extractQuery(DatasetPreviewTask.java:347)
	at org.eclipse.birt.report.engine.api.impl.DatasetPreviewTask.doRun(DatasetPreviewTask.java:307)
	at org.eclipse.birt.report.engine.api.impl.DatasetPreviewTask.runDataset(DatasetPreviewTask.java:278)
	at org.eclipse.birt.report.engine.api.impl.DatasetPreviewTask.execute(DatasetPreviewTask.java:89)
	at org.eclipse.birt.report.designer.data.ui.dataset.DataSetPreviewer.preview(DataSetPreviewer.java:68)
	at org.eclipse.birt.report.designer.data.ui.dataset.ResultSetPreviewPage$5.run(ResultSetPreviewPage.java:372)
	at org.eclipse.jface.operation.ModalContext$ModalContextThread.run(ModalContext.java:119)
Caused by: org.eclipse.birt.report.data.oda.jdbc.JDBCException: Cannot set preparedStatement parameter int value.
SQL error #1:No input parameters.
 ;
    java.sql.SQLException: No input parameters.
	at org.eclipse.birt.report.data.oda.jdbc.Statement.setInt(Statement.java:580)
	at org.eclipse.datatools.connectivity.oda.consumer.helper.OdaQuery.setInt(OdaQuery.java:544)
	at org.eclipse.birt.data.engine.odaconsumer.PreparedStatement.doSetInt(PreparedStatement.java:4213)
	... 20 more
Caused by: java.sql.SQLException: No input parameters.
	at org.apache.derby.impl.jdbc.SQLExceptionFactory.getSQLException(Unknown Source)
	at org.apache.derby.impl.jdbc.Util.generateCsSQLException(Unknown Source)
	at org.apache.derby.impl.jdbc.TransactionResourceImpl.wrapInSQLException(Unknown Source)
	at org.apache.derby.impl.jdbc.EmbedResultSet.noStateChangeException(Unknown Source)
	at org.apache.derby.impl.jdbc.EmbedPreparedStatement.setInt(Unknown Source)
	at org.eclipse.birt.report.data.oda.jdbc.Statement.setInt(Statement.java:575)
	... 22 more
Caused by: ERROR 07009: No input parameters.
	at org.apache.derby.iapi.error.StandardException.newException(Unknown Source)
	at org.apache.derby.iapi.error.StandardException.newException(Unknown Source)
	at org.apache.derby.impl.sql.GenericParameterValueSet.checkPosition(Unknown Source)
	at org.apache.derby.impl.sql.GenericParameterValueSet.getParameterForSet(Unknown Source)
	... 24 more

Sep 23, 2017 5:59:17 PM org.eclipse.birt.report.engine.api.impl.DatasetPreviewTask doRun
SEVERE: An error happened while extracting data the report. Cause:
org.eclipse.birt.report.data.adapter.api.AdapterException: An exception occurred during processing. Please see the following message for details:
Failed to prepare the query execution for the data set: Orders
Cannot set the integer value (103) to parameter 1.
    org.eclipse.birt.report.data.oda.jdbc.JDBCException: Cannot set preparedStatement parameter int value.
SQL error #1:No input parameters.
 ;
    java.sql.SQLException: No input parameters.
	at org.eclipse.birt.report.data.adapter.impl.DataRequestSessionImpl.execute(DataRequestSessionImpl.java:671)
	at org.eclipse.birt.report.engine.api.impl.DatasetPreviewTask.extractQuery(DatasetPreviewTask.java:347)
	at org.eclipse.birt.report.engine.api.impl.DatasetPreviewTask.doRun(DatasetPreviewTask.java:307)
	at org.eclipse.birt.report.engine.api.impl.DatasetPreviewTask.runDataset(DatasetPreviewTask.java:278)
	at org.eclipse.birt.report.engine.api.impl.DatasetPreviewTask.execute(DatasetPreviewTask.java:89)
	at org.eclipse.birt.report.designer.data.ui.dataset.DataSetPreviewer.preview(DataSetPreviewer.java:68)
	at org.eclipse.birt.report.designer.data.ui.dataset.ResultSetPreviewPage$5.run(ResultSetPreviewPage.java:372)
	at org.eclipse.jface.operation.ModalContext$ModalContextThread.run(ModalContext.java:119)
Caused by: org.eclipse.birt.data.engine.core.DataException: Failed to prepare the query execution for the data set: Orders
Cannot set the integer value (103) to parameter 1.
    org.eclipse.birt.report.data.oda.jdbc.JDBCException: Cannot set preparedStatement parameter int value.
SQL error #1:No input parameters.
 ;
    java.sql.SQLException: No input parameters.
	at org.eclipse.birt.data.engine.impl.QueryExecutor.prepareExecution(QueryExecutor.java:353)
	at org.eclipse.birt.data.engine.impl.PreparedQuery.doPrepare(PreparedQuery.java:463)
	at org.eclipse.birt.data.engine.impl.PreparedDataSourceQuery.produceQueryResults(PreparedDataSourceQuery.java:190)
	at org.eclipse.birt.data.engine.impl.PreparedDataSourceQuery.execute(PreparedDataSourceQuery.java:178)
	at org.eclipse.birt.data.engine.impl.PreparedOdaDSQuery.execute(PreparedOdaDSQuery.java:179)
	at org.eclipse.birt.report.data.adapter.impl.DataRequestSessionImpl.execute(DataRequestSessionImpl.java:651)
	... 7 more
Caused by: org.eclipse.birt.data.engine.odaconsumer.OdaDataException: Cannot set the integer value (103) to parameter 1.
    org.eclipse.birt.report.data.oda.jdbc.JDBCException: Cannot set preparedStatement parameter int value.
SQL error #1:No input parameters.
 ;
    java.sql.SQLException: No input parameters.
	at org.eclipse.birt.data.engine.odaconsumer.ExceptionHandler.newException(ExceptionHandler.java:54)
	at org.eclipse.birt.data.engine.odaconsumer.ExceptionHandler.throwException(ExceptionHandler.java:108)
	at org.eclipse.birt.data.engine.odaconsumer.PreparedStatement.doSetInt(PreparedStatement.java:4218)
	at org.eclipse.birt.data.engine.odaconsumer.PreparedStatement.setInt(PreparedStatement.java:3847)
	at org.eclipse.birt.data.engine.odaconsumer.PreparedStatement.setParameterValue(PreparedStatement.java:3120)
	at org.eclipse.birt.data.engine.odaconsumer.PreparedStatement.setParameterValue(PreparedStatement.java:3070)
	at org.eclipse.birt.data.engine.executor.DataSourceQuery.setInputParameterBinding(DataSourceQuery.java:1196)
	at org.eclipse.birt.data.engine.executor.DataSourceQuery.addParameterDefns(DataSourceQuery.java:609)
	at org.eclipse.birt.data.engine.executor.DataSourceQuery.prepare(DataSourceQuery.java:308)
	at org.eclipse.birt.data.engine.impl.PreparedOdaDSQuery$OdaDSQueryExecutor.prepareOdiQuery(PreparedOdaDSQuery.java:621)
	at org.eclipse.birt.data.engine.impl.QueryExecutor.prepareExecution(QueryExecutor.java:349)
	... 12 more
Caused by: org.eclipse.birt.report.data.oda.jdbc.JDBCException: Cannot set preparedStatement parameter int value.
SQL error #1:No input parameters.
 ;
    java.sql.SQLException: No input parameters.
	at org.eclipse.birt.report.data.oda.jdbc.Statement.setInt(Statement.java:580)
	at org.eclipse.datatools.connectivity.oda.consumer.helper.OdaQuery.setInt(OdaQuery.java:544)
	at org.eclipse.birt.data.engine.odaconsumer.PreparedStatement.doSetInt(PreparedStatement.java:4213)
	... 20 more
Caused by: java.sql.SQLException: No input parameters.
	at org.apache.derby.impl.jdbc.SQLExceptionFactory.getSQLException(Unknown Source)
	at org.apache.derby.impl.jdbc.Util.generateCsSQLException(Unknown Source)
	at org.apache.derby.impl.jdbc.TransactionResourceImpl.wrapInSQLException(Unknown Source)
	at org.apache.derby.impl.jdbc.EmbedResultSet.noStateChangeException(Unknown Source)
	at org.apache.derby.impl.jdbc.EmbedPreparedStatement.setInt(Unknown Source)
	at org.eclipse.birt.report.data.oda.jdbc.Statement.setInt(Statement.java:575)
	... 22 more
Caused by: ERROR 07009: No input parameters.
	at org.apache.derby.iapi.error.StandardException.newException(Unknown Source)
	at org.apache.derby.iapi.error.StandardException.newException(Unknown Source)
	at org.apache.derby.impl.sql.GenericParameterValueSet.checkPosition(Unknown Source)
	at org.apache.derby.impl.sql.GenericParameterValueSet.getParameterForSet(Unknown Source)
	... 24 more

